<?xml version="1.0" encoding="UTF-8"?>
<coverage generated="1669154450413" clover="3.2.0">
  <project timestamp="1669154450414" name="All files">
    <metrics statements="14" coveredstatements="8" conditionals="25" coveredconditionals="12" methods="4" coveredmethods="2" elements="43" coveredelements="22" complexity="0" loc="14" ncloc="14" packages="1" files="1" classes="1"/>
    <file name="calc.js" path="C:\Users\MARCOS\Desktop\TESTING-JS\clase16s-Ejercitacion\calc.js">
      <metrics statements="14" coveredstatements="8" conditionals="25" coveredconditionals="12" methods="4" coveredmethods="2"/>
      <line num="1" count="1" type="stmt"/>
      <line num="4" count="5" type="cond" truecount="6" falsecount="0"/>
      <line num="5" count="4" type="stmt"/>
      <line num="7" count="1" type="stmt"/>
      <line num="13" count="6" type="cond" truecount="6" falsecount="0"/>
      <line num="14" count="4" type="stmt"/>
      <line num="16" count="2" type="stmt"/>
      <line num="21" count="0" type="cond" truecount="0" falsecount="6"/>
      <line num="22" count="0" type="stmt"/>
      <line num="24" count="0" type="stmt"/>
      <line num="29" count="0" type="cond" truecount="0" falsecount="7"/>
      <line num="30" count="0" type="stmt"/>
      <line num="32" count="0" type="stmt"/>
      <line num="36" count="1" type="stmt"/>
    </file>
  </project>
</coverage>
