{"C:\\Users\\MARCOS\\Desktop\\TESTING-JS\\clase16s-Ejercitacion\\calc.js": {"path":"C:\\Users\\MARCOS\\Desktop\\TESTING-JS\\clase16s-Ejercitacion\\calc.js","statementMap":{"0":{"start":{"line":1,"column":19},"end":{"line":1,"column":34}},"1":{"start":{"line":4,"column":4},"end":{"line":8,"column":5}},"2":{"start":{"line":5,"column":8},"end":{"line":5,"column":17}},"3":{"start":{"line":7,"column":8},"end":{"line":7,"column":19}},"4":{"start":{"line":13,"column":4},"end":{"line":17,"column":5}},"5":{"start":{"line":14,"column":8},"end":{"line":14,"column":17}},"6":{"start":{"line":16,"column":8},"end":{"line":16,"column":19}},"7":{"start":{"line":21,"column":4},"end":{"line":25,"column":5}},"8":{"start":{"line":22,"column":8},"end":{"line":22,"column":17}},"9":{"start":{"line":24,"column":8},"end":{"line":24,"column":19}},"10":{"start":{"line":29,"column":4},"end":{"line":33,"column":5}},"11":{"start":{"line":30,"column":8},"end":{"line":30,"column":17}},"12":{"start":{"line":32,"column":8},"end":{"line":32,"column":19}},"13":{"start":{"line":36,"column":0},"end":{"line":36,"column":57}}},"fnMap":{"0":{"name":"suma","decl":{"start":{"line":3,"column":9},"end":{"line":3,"column":13}},"loc":{"start":{"line":3,"column":18},"end":{"line":9,"column":1}},"line":3},"1":{"name":"resta","decl":{"start":{"line":12,"column":9},"end":{"line":12,"column":14}},"loc":{"start":{"line":12,"column":19},"end":{"line":18,"column":1}},"line":12},"2":{"name":"multiplicacion","decl":{"start":{"line":20,"column":9},"end":{"line":20,"column":23}},"loc":{"start":{"line":20,"column":28},"end":{"line":26,"column":1}},"line":20},"3":{"name":"division","decl":{"start":{"line":28,"column":9},"end":{"line":28,"column":17}},"loc":{"start":{"line":28,"column":22},"end":{"line":34,"column":1}},"line":28}},"branchMap":{"0":{"loc":{"start":{"line":4,"column":4},"end":{"line":8,"column":5}},"type":"if","locations":[{"start":{"line":4,"column":4},"end":{"line":8,"column":5}},{"start":{"line":6,"column":9},"end":{"line":8,"column":5}}],"line":4},"1":{"loc":{"start":{"line":4,"column":7},"end":{"line":4,"column":53}},"type":"binary-expr","locations":[{"start":{"line":4,"column":7},"end":{"line":4,"column":15}},{"start":{"line":4,"column":19},"end":{"line":4,"column":27}},{"start":{"line":4,"column":31},"end":{"line":4,"column":40}},{"start":{"line":4,"column":44},"end":{"line":4,"column":53}}],"line":4},"2":{"loc":{"start":{"line":13,"column":4},"end":{"line":17,"column":5}},"type":"if","locations":[{"start":{"line":13,"column":4},"end":{"line":17,"column":5}},{"start":{"line":15,"column":9},"end":{"line":17,"column":5}}],"line":13},"3":{"loc":{"start":{"line":13,"column":7},"end":{"line":13,"column":53}},"type":"binary-expr","locations":[{"start":{"line":13,"column":7},"end":{"line":13,"column":15}},{"start":{"line":13,"column":19},"end":{"line":13,"column":27}},{"start":{"line":13,"column":31},"end":{"line":13,"column":40}},{"start":{"line":13,"column":44},"end":{"line":13,"column":53}}],"line":13},"4":{"loc":{"start":{"line":21,"column":4},"end":{"line":25,"column":5}},"type":"if","locations":[{"start":{"line":21,"column":4},"end":{"line":25,"column":5}},{"start":{"line":23,"column":9},"end":{"line":25,"column":5}}],"line":21},"5":{"loc":{"start":{"line":21,"column":7},"end":{"line":21,"column":53}},"type":"binary-expr","locations":[{"start":{"line":21,"column":7},"end":{"line":21,"column":15}},{"start":{"line":21,"column":19},"end":{"line":21,"column":27}},{"start":{"line":21,"column":31},"end":{"line":21,"column":40}},{"start":{"line":21,"column":44},"end":{"line":21,"column":53}}],"line":21},"6":{"loc":{"start":{"line":29,"column":4},"end":{"line":33,"column":5}},"type":"if","locations":[{"start":{"line":29,"column":4},"end":{"line":33,"column":5}},{"start":{"line":31,"column":9},"end":{"line":33,"column":5}}],"line":29},"7":{"loc":{"start":{"line":29,"column":7},"end":{"line":29,"column":63}},"type":"binary-expr","locations":[{"start":{"line":29,"column":7},"end":{"line":29,"column":15}},{"start":{"line":29,"column":19},"end":{"line":29,"column":27}},{"start":{"line":29,"column":31},"end":{"line":29,"column":37}},{"start":{"line":29,"column":41},"end":{"line":29,"column":50}},{"start":{"line":29,"column":54},"end":{"line":29,"column":63}}],"line":29}},"s":{"0":1,"1":5,"2":4,"3":1,"4":6,"5":4,"6":2,"7":0,"8":0,"9":0,"10":0,"11":0,"12":0,"13":1},"f":{"0":5,"1":6,"2":0,"3":0},"b":{"0":[4,1],"1":[5,4,2,1],"2":[4,2],"3":[6,5,3,2],"4":[0,0],"5":[0,0,0,0],"6":[0,0],"7":[0,0,0,0,0]},"_coverageSchema":"1a1c01bbd47fc00a2c39e90264f33305004495a9","hash":"c75430d6ec81c4be798f426a5c80da54ac12210a"}
}
