TN:
SF:calc.js
FN:3,suma
FN:12,resta
FN:20,multiplicacion
FN:28,division
FNF:4
FNH:2
FNDA:5,suma
FNDA:6,resta
FNDA:0,multiplicacion
FNDA:0,division
DA:1,1
DA:4,5
DA:5,4
DA:7,1
DA:13,6
DA:14,4
DA:16,2
DA:21,0
DA:22,0
DA:24,0
DA:29,0
DA:30,0
DA:32,0
DA:36,1
LF:14
LH:8
BRDA:4,0,0,4
BRDA:4,0,1,1
BRDA:4,1,0,5
BRDA:4,1,1,4
BRDA:4,1,2,2
BRDA:4,1,3,1
BRDA:13,2,0,4
BRDA:13,2,1,2
BRDA:13,3,0,6
BRDA:13,3,1,5
BRDA:13,3,2,3
BRDA:13,3,3,2
BRDA:21,4,0,0
BRDA:21,4,1,0
BRDA:21,5,0,0
BRDA:21,5,1,0
BRDA:21,5,2,0
BRDA:21,5,3,0
BRDA:29,6,0,0
BRDA:29,6,1,0
BRDA:29,7,0,0
BRDA:29,7,1,0
BRDA:29,7,2,0
BRDA:29,7,3,0
BRDA:29,7,4,0
BRF:25
BRH:12
end_of_record
